/*C3*/SET SCHEMA PUBLIC
CREATE TABLE event (id VARCHAR(40) NOT NULL,title VARCHAR(40) NOT NULL,description VARCHAR(100) NOT NULL,creatorId VARCHAR(20) NOT NULL,status VARCHAR(8) NOT NULL,imageFile VARCHAR(50) NOT NULL,venue VARCHAR(20) NOT NULL,date VARCHAR(20) NOT NULL,capacity INT NOT NULL,attendeeCount INT,PRIMARY KEY (id))
DISCONNECT
/*C4*/SET SCHEMA PUBLIC
INSERT INTO EVENT VALUES('EVE001','Programming Study Group Wednesday night','Lets meet this Wednesday afternoon to finish the programming assignment!','s1','OPEN','image/defaultImage.png','RMIT Library','15/04/2020',5,0)
COMMIT
INSERT INTO EVENT VALUES('EVE002','Movie on Sunday','See a movie this Sunday with a ticket discount applied to all group members.','s2','OPEN','image/diceImage.png','Village Cinema','26/03/2020',4,0)
COMMIT
DISCONNECT
/*C5*/SET SCHEMA PUBLIC
CREATE TABLE sale (id VARCHAR(40) NOT NULL,title VARCHAR(40) ,description VARCHAR(100) ,creatorId VARCHAR(20) ,status VARCHAR(8) ,imageFile VARCHAR(50) ,askingPrice INT ,minimumRaise INT,PRIMARY KEY (id))
DISCONNECT
/*C6*/SET SCHEMA PUBLIC
INSERT INTO SALE VALUES('SAL001','IPad Air 2 64GB','Excellent working condition, comes with box, cable and charger.','s3','OPEN','image/defaultImage.png',300,15)
COMMIT
INSERT INTO SALE VALUES('SAL002','13-inch Macbook Pro 2018 sale','In good condition, ready to use','s4','OPEN','image/diceImage.png',1850,40)
COMMIT
DISCONNECT
/*C7*/SET SCHEMA PUBLIC
CREATE TABLE job (id VARCHAR(20) NOT NULL,title VARCHAR(40) ,description VARCHAR(100) NOT NULL,creatorId VARCHAR(20) NOT NULL,status VARCHAR(8) NOT NULL,imageFile VARCHAR(50) NOT NULL,proposedPrice INT NOT NULL,PRIMARY KEY (id))
DISCONNECT
/*C8*/SET SCHEMA PUBLIC
INSERT INTO JOB VALUES('JOB001','Moving House','Need a person to help me move my belongings to a new house','s5','OPEN','image/defaultImage.png',190)
COMMIT
INSERT INTO JOB VALUES('JOB002','Cleaning House','Need a person to clean my house','s6','OPEN','image/diceImage.png',120)
COMMIT
DISCONNECT
/*C9*/SET SCHEMA PUBLIC
CREATE TABLE replies (replyId VARCHAR(20) NOT NULL,postId VARCHAR(20) NOT NULL,value INT NOT NULL,responderId VARCHAR(20) NOT NULL,PRIMARY KEY (replyId))
DISCONNECT
/*C10*/SET SCHEMA PUBLIC
INSERT INTO REPLIES VALUES('1','EVE001',1,'s3')
COMMIT
INSERT INTO REPLIES VALUES('2','EVE002',1,'s4')
COMMIT
INSERT INTO REPLIES VALUES('3','SAL001',150,'s5')
COMMIT
INSERT INTO REPLIES VALUES('4','SAL002',1900,'s6')
COMMIT
INSERT INTO REPLIES VALUES('5','JOB001',165,'s1')
COMMIT
INSERT INTO REPLIES VALUES('6','JOB002',110,'s2')
COMMIT
INSERT INTO REPLIES VALUES('7','EVE001',1,'s7')
COMMIT
INSERT INTO REPLIES VALUES('8','EVE002',1,'s8')
COMMIT
INSERT INTO REPLIES VALUES('9','SAL001',330,'s9')
COMMIT
INSERT INTO REPLIES VALUES('10','SAL002',1480,'s10')
COMMIT
INSERT INTO REPLIES VALUES('11','JOB001',155,'s11')
COMMIT
INSERT INTO REPLIES VALUES('12','JOB002',90,'s12')
COMMIT
DISCONNECT
/*C12*/SET SCHEMA PUBLIC
DISCONNECT
/*C13*/SET SCHEMA PUBLIC
DISCONNECT
/*C14*/SET SCHEMA PUBLIC
DISCONNECT
/*C15*/SET SCHEMA PUBLIC
INSERT INTO SALE VALUES('xadas','dasda','sdasdasda','asdad','OPEN','download.png',34,42)
COMMIT
DISCONNECT
/*C16*/SET SCHEMA PUBLIC
DISCONNECT
/*C17*/SET SCHEMA PUBLIC
DISCONNECT
/*C18*/SET SCHEMA PUBLIC
DISCONNECT
/*C19*/SET SCHEMA PUBLIC
DISCONNECT
/*C20*/SET SCHEMA PUBLIC
DISCONNECT
/*C21*/SET SCHEMA PUBLIC
DISCONNECT
/*C22*/SET SCHEMA PUBLIC
DISCONNECT
/*C23*/SET SCHEMA PUBLIC
DISCONNECT
/*C24*/SET SCHEMA PUBLIC
DISCONNECT
/*C25*/SET SCHEMA PUBLIC
DISCONNECT
/*C26*/SET SCHEMA PUBLIC
DISCONNECT
/*C27*/SET SCHEMA PUBLIC
DISCONNECT
/*C28*/SET SCHEMA PUBLIC
DISCONNECT
/*C29*/SET SCHEMA PUBLIC
DISCONNECT
/*C30*/SET SCHEMA PUBLIC
DISCONNECT
